<?xml version="1.0" encoding="UTF-8" ?>
<testsuite tests="6" failures="0" name="messaging.AppTest" time="0.548" errors="0" skipped="0">
  <properties>
[...]
</properties>
  <testcase classname="messaging.AppTest" name="testGetterIfNull" time="0.087"/>
  <testcase classname="messaging.AppTest" name="testChecker" time="0.412"/>
  <testcase classname="messaging.AppTest" name="testEnlargingNumberOfMessage" time="0.016"/>
  <testcase classname="messaging.AppTest" name="testCreator" time="0.007"/>
  <testcase classname="messaging.AppTest" name="testGetter" time="0.026"/>
  <testcase classname="messaging.AppTest" name="testEncryption" time="0"/>
</testsuite>